# JRE version: Java(TM) SE Runtime Environment (17.0.1+12) (build 17.0.1+12-LTS-39)
# Java VM: Java HotSpot(TM) 64-Bit Server VM (17.0.1+12-LTS-39, mixed mode, emulated-client, sharing, tiered, compressed oops, compressed class ptrs, g1 gc, windows-amd64)
GC Precious Log:
 CPUs: 8 total, 8 available
 Memory: 8078M
 Large Page Support: Disabled
 NUMA Support: Disabled
 Compressed Oops: Enabled (32-bit)
 Heap Region Size: 1M
 Heap Min Capacity: 8M
 Heap Initial Capacity: 128M
 Heap Max Capacity: 2020M
 Pre-touch: Disabled
 Parallel Workers: 8
 Concurrent Workers: 2
 Concurrent Refinement Workers: 8
 Periodic GC: Disabled
Heap:
 garbage-first heap   total 150528K, used 57611K [0x0000000081c00000, 0x0000000100000000)
  region size 1024K, 1 young (1024K), 1 survivors (1024K)
 Metaspace       used 98808K, committed 102528K, reserved 1155072K
  class space    used 14107K, committed 15552K, reserved 1048576K
GC Heap History (20 events):
Event: 1928.852 GC heap after
{Heap after GC invocations=115 (full 17):
 garbage-first heap   total 157696K, used 57093K [0x0000000081c00000, 0x0000000100000000)
  region size 1024K, 3 young (3072K), 3 survivors (3072K)
 Metaspace       used 113478K, committed 114944K, reserved 1155072K
  class space    used 15238K, committed 15936K, reserved 1048576K
}
Event: 2213.144 GC heap before
{Heap before GC invocations=115 (full 17):
 garbage-first heap   total 157696K, used 131845K [0x0000000081c00000, 0x0000000100000000)
  region size 1024K, 76 young (77824K), 3 survivors (3072K)
 Metaspace       used 113577K, committed 115136K, reserved 1155072K
  class space    used 15259K, committed 16000K, reserved 1048576K
}
Event: 2213.260 GC heap after
{Heap after GC invocations=116 (full 17):
 garbage-first heap   total 339968K, used 57401K [0x0000000081c00000, 0x0000000100000000)
  region size 1024K, 3 young (3072K), 3 survivors (3072K)
 Metaspace       used 113577K, committed 115136K, reserved 1155072K
  class space    used 15259K, committed 16000K, reserved 1048576K
}
Event: 3086.904 GC heap before
{Heap before GC invocations=116 (full 17):
 garbage-first heap   total 339968K, used 192569K [0x0000000081c00000, 0x0000000100000000)
  region size 1024K, 136 young (139264K), 3 survivors (3072K)
 Metaspace       used 113590K, committed 115136K, reserved 1155072K
  class space    used 15261K, committed 16000K, reserved 1048576K
}
Event: 3091.805 GC heap after
{Heap after GC invocations=117 (full 18):
 garbage-first heap   total 150528K, used 42131K [0x0000000081c00000, 0x0000000100000000)
  region size 1024K, 0 young (0K), 0 survivors (0K)
 Metaspace       used 97357K, committed 102528K, reserved 1155072K
  class space    used 13995K, committed 15552K, reserved 1048576K
}
Event: 3112.620 GC heap before
{Heap before GC invocations=117 (full 18):
 garbage-first heap   total 150528K, used 124051K [0x0000000081c00000, 0x0000000100000000)
  region size 1024K, 81 young (82944K), 0 survivors (0K)
 Metaspace       used 97822K, committed 102528K, reserved 1155072K
  class space    used 14038K, committed 15552K, reserved 1048576K
}
Event: 3112.663 GC heap after
{Heap after GC invocations=118 (full 18):
 garbage-first heap   total 150528K, used 47324K [0x0000000081c00000, 0x0000000100000000)
  region size 1024K, 6 young (6144K), 6 survivors (6144K)
 Metaspace       used 97822K, committed 102528K, reserved 1155072K
  class space    used 14038K, committed 15552K, reserved 1048576K
}
Event: 3112.758 GC heap before
{Heap before GC invocations=118 (full 18):
 garbage-first heap   total 150528K, used 122076K [0x0000000081c00000, 0x0000000100000000)
  region size 1024K, 80 young (81920K), 6 survivors (6144K)
 Metaspace       used 97822K, committed 102528K, reserved 1155072K
  class space    used 14038K, committed 15552K, reserved 1048576K
}
Event: 3112.767 GC heap after
{Heap after GC invocations=119 (full 18):
 garbage-first heap   total 150528K, used 47535K [0x0000000081c00000, 0x0000000100000000)
  region size 1024K, 6 young (6144K), 6 survivors (6144K)
 Metaspace       used 97822K, committed 102528K, reserved 1155072K
  class space    used 14038K, committed 15552K, reserved 1048576K
}
Event: 3120.508 GC heap before
{Heap before GC invocations=119 (full 18):
 garbage-first heap   total 150528K, used 123311K [0x0000000081c00000, 0x0000000100000000)
  region size 1024K, 81 young (82944K), 6 survivors (6144K)
 Metaspace       used 97951K, committed 102528K, reserved 1155072K
  class space    used 14052K, committed 15552K, reserved 1048576K
}
Event: 3120.535 GC heap after
{Heap after GC invocations=120 (full 18):
 garbage-first heap   total 150528K, used 49901K [0x0000000081c00000, 0x0000000100000000)
  region size 1024K, 8 young (8192K), 8 survivors (8192K)
 Metaspace       used 97951K, committed 102528K, reserved 1155072K
  class space    used 14052K, committed 15552K, reserved 1048576K
}
Event: 3137.365 GC heap before
{Heap before GC invocations=120 (full 18):
 garbage-first heap   total 150528K, used 123629K [0x0000000081c00000, 0x0000000100000000)
  region size 1024K, 80 young (81920K), 8 survivors (8192K)
 Metaspace       used 98710K, committed 102528K, reserved 1155072K
  class space    used 14099K, committed 15552K, reserved 1048576K
}
Event: 3138.463 GC heap after
{Heap after GC invocations=121 (full 18):
 garbage-first heap   total 150528K, used 54170K [0x0000000081c00000, 0x0000000100000000)
  region size 1024K, 8 young (8192K), 8 survivors (8192K)
 Metaspace       used 98710K, committed 102528K, reserved 1155072K
  class space    used 14099K, committed 15552K, reserved 1048576K
}
Event: 3138.482 GC heap before
{Heap before GC invocations=121 (full 18):
 garbage-first heap   total 150528K, used 55194K [0x0000000081c00000, 0x0000000100000000)
  region size 1024K, 9 young (9216K), 8 survivors (8192K)
 Metaspace       used 98710K, committed 102528K, reserved 1155072K
  class space    used 14099K, committed 15552K, reserved 1048576K
}
Event: 3138.838 GC heap after
{Heap after GC invocations=122 (full 18):
 garbage-first heap   total 150528K, used 55014K [0x0000000081c00000, 0x0000000100000000)
  region size 1024K, 1 young (1024K), 1 survivors (1024K)
 Metaspace       used 98710K, committed 102528K, reserved 1155072K
  class space    used 14099K, committed 15552K, reserved 1048576K
}
Event: 3157.770 GC heap before
{Heap before GC invocations=122 (full 18):
 garbage-first heap   total 150528K, used 100070K [0x0000000081c00000, 0x0000000100000000)
  region size 1024K, 46 young (47104K), 1 survivors (1024K)
 Metaspace       used 98808K, committed 102528K, reserved 1155072K
  class space    used 14107K, committed 15552K, reserved 1048576K
}
Event: 3157.845 GC heap after
{Heap after GC invocations=123 (full 18):
 garbage-first heap   total 150528K, used 57653K [0x0000000081c00000, 0x0000000100000000)
  region size 1024K, 4 young (4096K), 4 survivors (4096K)
 Metaspace       used 98808K, committed 102528K, reserved 1155072K
  class space    used 14107K, committed 15552K, reserved 1048576K
}
Event: 3160.896 GC heap before
{Heap before GC invocations=123 (full 18):
 garbage-first heap   total 150528K, used 76085K [0x0000000081c00000, 0x0000000100000000)
  region size 1024K, 23 young (23552K), 4 survivors (4096K)
 Metaspace       used 98808K, committed 102528K, reserved 1155072K
  class space    used 14107K, committed 15552K, reserved 1048576K
}
Event: 3160.943 GC heap after
{Heap after GC invocations=124 (full 18):
 garbage-first heap   total 150528K, used 57507K [0x0000000081c00000, 0x0000000100000000)
  region size 1024K, 1 young (1024K), 1 survivors (1024K)
 Metaspace       used 98808K, committed 102528K, reserved 1155072K
  class space    used 14107K, committed 15552K, reserved 1048576K
}
Event: 3161.080 GC heap before
{Heap before GC invocations=124 (full 18):
 garbage-first heap   total 150528K, used 119971K [0x0000000081c00000, 0x0000000100000000)
  region size 1024K, 63 young (64512K), 1 survivors (1024K)
 Metaspace       used 98808K, committed 102528K, reserved 1155072K
  class space    used 14107K, committed 15552K, reserved 1048576K
}

